<?xml version="1.0" encoding="UTF-8" ?>
<testsuite tests="4" failures="1" name="TestSuite" time="65.735" errors="0" skipped="1">
  <properties>
[...]
</properties>
  <testcase classname="com.selenium.tests.BuyHealthPolicyNegativeTest" name="testValidCustomerDetails" time="21.621">
    <failure message="expected [Just A Few More Details Before You Pay] but found [Just A Few Details Before You Pay]" type="java.lang.AssertionError">java.lang.AssertionError: expected [Just A Few More Details Before You Pay] but found [Just A Few Details Before You Pay]
	at org.testng.Assert.fail(Assert.java:93)
	at org.testng.Assert.failNotEquals(Assert.java:512)
	at org.testng.Assert.assertEqualsImpl(Assert.java:134)
	at org.testng.Assert.assertEquals(Assert.java:115)
	at org.testng.Assert.assertEquals(Assert.java:189)
	at org.testng.Assert.assertEquals(Assert.java:199)
	at com.selenium.tests.BuyHealthPolicyNegativeTest.testValidCustomerDetails(BuyHealthPolicyNegativeTest.java:110)
</failure>
    <system-out>Configuring TestNG with: org.apache.maven.surefire.testng.conf.TestNG652Configurator@7cef4e59
BuyHealthPolicyNegativeTest execution started
ColumnCount7
value 06/07/1995
0--1 =06/07/1995
value 8.888888888E9
0--2 =8.888888888E9
value Rohit Ranjan
0--3 =Rohit Ranjan
value 8.888888888E9
0--4 =8.888888888E9
value xyz@gmail.com
0--5 =xyz@gmail.com
value Just A Few More Details Before You Pay
0--6 =Just A Few More Details Before You Pay
1111111[[Ljava.lang.String;@63a270c9
--Polling
Element Found
--Polling
FluentWait Failed
--Polling
Element Found
--Polling
Element Found
--Polling
Element Found
--Polling
Element Found
8.888888888E9
--Polling
Element Found
--Polling
Element Found
--Polling
Element Found
--Polling
Element Found
</system-out>
    <system-err>Starting ChromeDriver 2.41.578737 (49da6702b16031c40d63e5618de03a32ff6c197e) on port 33284
Only local connections are allowed.
[1603962596.347][WARNING]: Timed out connecting to Chrome, retrying...
Oct 29, 2020 2:39:58 PM org.openqa.selenium.remote.ProtocolHandshake createSession
INFO: Detected dialect: OSS
[1603962600.465][WARNING]: Timed out connecting to Chrome, retrying...
</system-err>
  </testcase>
  <testcase classname="com.selenium.tests.BuyHealthPolicyNegativeTest" name="proceedToPay" time="22.521">
    <skipped/>
  </testcase>
  <testcase classname="com.selenium.tests.BuyHealthPolicyPositiveTest" name="testValidCustomerDetails" time="20.909"/>
  <testcase classname="com.selenium.tests.BuyHealthPolicyPositiveTest" name="proceedToPay" time="0.684"/>
</testsuite>